The target system is: Generic -  - arm
The host system is: Darwin - 21.4.0 - arm64
Compiling the C compiler identification source file "CMakeCCompilerId.c" succeeded.
Compiler: /Applications/MCUXpressoIDE_11.5.0_7232/ide/plugins/com.nxp.mcuxpresso.tools.macosx_11.5.0.202107051138/tools/bin/arm-none-eabi-gcc 
Build flags: -mthumb;-mcpu=cortex-m4;-mfloat-abi=hard;-mfpu=fpv4-sp-d16;-g3;-ffunction-sections;-fdata-sections;-fno-strict-aliasing;-fno-builtin;-fno-common;-Wall;-Wshadow;-Wdouble-promotion;-Werror;-Wno-unused-parameter
Id flags: -c 

The output was:
0


Compilation of the C compiler identification source "CMakeCCompilerId.c" produced "CMakeCCompilerId.o"

The C compiler identification is GNU, found in "/Users/ghampton/mysrc/postprocess/blacklion/shared/lib/driverlib/build/CMakeFiles/3.22.3/CompilerIdC/CMakeCCompilerId.o"

Compiling the CXX compiler identification source file "CMakeCXXCompilerId.cpp" succeeded.
Compiler: /Applications/MCUXpressoIDE_11.5.0_7232/ide/plugins/com.nxp.mcuxpresso.tools.macosx_11.5.0.202107051138/tools/bin/arm-none-eabi-g++ 
Build flags: -mthumb;-mcpu=cortex-m4;-mfloat-abi=hard;-mfpu=fpv4-sp-d16;-g3;-ffunction-sections;-fdata-sections;-fno-strict-aliasing;-fno-builtin;-fno-common;-Wall;-Wshadow;-Wdouble-promotion;-Werror;-Wno-unused-parameter
Id flags: -c 

The output was:
0


Compilation of the CXX compiler identification source "CMakeCXXCompilerId.cpp" produced "CMakeCXXCompilerId.o"

The CXX compiler identification is GNU, found in "/Users/ghampton/mysrc/postprocess/blacklion/shared/lib/driverlib/build/CMakeFiles/3.22.3/CompilerIdCXX/CMakeCXXCompilerId.o"

Detecting C compiler ABI info compiled with the following output:
Change Dir: /Users/ghampton/mysrc/postprocess/blacklion/shared/lib/driverlib/build/CMakeFiles/CMakeTmp

Run Build Command(s):/opt/homebrew/bin/ninja cmTC_4f02a && [1/2] Building C object CMakeFiles/cmTC_4f02a.dir/CMakeCCompilerABI.c.obj
Using built-in specs.
COLLECT_GCC=/Applications/MCUXpressoIDE_11.5.0_7232/ide/plugins/com.nxp.mcuxpresso.tools.macosx_11.5.0.202107051138/tools/bin/arm-none-eabi-gcc
Target: arm-none-eabi
Configured with: /tmp/jenkins-GCC-10-pipeline-259_20210727_1627345004/src/gcc/configure --target=arm-none-eabi --prefix=/tmp/jenkins-GCC-10-pipeline-259_20210727_1627345004/install-native --libexecdir=/tmp/jenkins-GCC-10-pipeline-259_20210727_1627345004/install-native/lib --infodir=/tmp/jenkins-GCC-10-pipeline-259_20210727_1627345004/install-native/share/doc/gcc-arm-none-eabi/info --mandir=/tmp/jenkins-GCC-10-pipeline-259_20210727_1627345004/install-native/share/doc/gcc-arm-none-eabi/man --htmldir=/tmp/jenkins-GCC-10-pipeline-259_20210727_1627345004/install-native/share/doc/gcc-arm-none-eabi/html --pdfdir=/tmp/jenkins-GCC-10-pipeline-259_20210727_1627345004/install-native/share/doc/gcc-arm-none-eabi/pdf --enable-languages=c,c++ --enable-plugins --disable-decimal-float --disable-libffi --disable-libgomp --disable-libmudflap --disable-libquadmath --disable-libssp --disable-libstdcxx-pch --disable-nls --disable-shared --disable-threads --disable-tls --with-gnu-as --with-gnu-ld --with-newlib --with-headers=yes --with-python-dir=share/gcc-arm-none-eabi --with-sysroot=/tmp/jenkins-GCC-10-pipeline-259_20210727_1627345004/install-native/arm-none-eabi --build=x86_64-apple-darwin10 --host=x86_64-apple-darwin10 --with-gmp=/tmp/jenkins-GCC-10-pipeline-259_20210727_1627345004/build-native/host-libs/usr --with-mpfr=/tmp/jenkins-GCC-10-pipeline-259_20210727_1627345004/build-native/host-libs/usr --with-mpc=/tmp/jenkins-GCC-10-pipeline-259_20210727_1627345004/build-native/host-libs/usr --with-isl=/tmp/jenkins-GCC-10-pipeline-259_20210727_1627345004/build-native/host-libs/usr --with-libelf=/tmp/jenkins-GCC-10-pipeline-259_20210727_1627345004/build-native/host-libs/usr --with-host-libstdcxx='-static-libgcc -Wl,-lstdc++ -lm' --with-pkgversion='GNU Arm Embedded Toolchain 10.3-2021.07' --with-multilib-list=rmprofile,aprofile
Thread model: single
Supported LTO compression algorithms: zlib
gcc version 10.3.1 20210621 (release) (GNU Arm Embedded Toolchain 10.3-2021.07) 
COLLECT_GCC_OPTIONS='-mthumb' '-mcpu=cortex-m4' '-mfloat-abi=hard' '-mfpu=fpv4-sp-d16' '-g3' '-ffunction-sections' '-fdata-sections' '-fno-strict-aliasing' '-fno-builtin' '-fno-common' '-Wall' '-Wshadow' '-Wdouble-promotion' '-O0' '-v' '-o' 'CMakeFiles/cmTC_4f02a.dir/CMakeCCompilerABI.c.obj' '-c' '-mlibarch=armv7e-m+fp' '-march=armv7e-m+fp'
 /Applications/MCUXpressoIDE_11.5.0_7232/ide/plugins/com.nxp.mcuxpresso.tools.macosx_11.5.0.202107051138/tools/bin/../lib/gcc/arm-none-eabi/10.3.1/cc1 -quiet -v -imultilib thumb/v7e-m+fp/hard -iprefix /Applications/MCUXpressoIDE_11.5.0_7232/ide/plugins/com.nxp.mcuxpresso.tools.macosx_11.5.0.202107051138/tools/bin/../lib/gcc/arm-none-eabi/10.3.1/ -isysroot /Applications/MCUXpressoIDE_11.5.0_7232/ide/plugins/com.nxp.mcuxpresso.tools.macosx_11.5.0.202107051138/tools/bin/../arm-none-eabi -dD -D__USES_INITFINI__ /opt/homebrew/Cellar/cmake/3.22.3/share/cmake/Modules/CMakeCCompilerABI.c -quiet -dumpbase CMakeCCompilerABI.c -mthumb -mcpu=cortex-m4 -mfloat-abi=hard -mfpu=fpv4-sp-d16 -mlibarch=armv7e-m+fp -march=armv7e-m+fp -auxbase-strip CMakeFiles/cmTC_4f02a.dir/CMakeCCompilerABI.c.obj -g3 -O0 -Wall -Wshadow -Wdouble-promotion -version -ffunction-sections -fdata-sections -fno-strict-aliasing -fno-builtin -fno-common -o /var/folders/q1/s_fz24pn4830030bqnww2drr0000gn/T//ccEe54nq.s
GNU C17 (GNU Arm Embedded Toolchain 10.3-2021.07) version 10.3.1 20210621 (release) (arm-none-eabi)
	compiled by GNU C version 4.2.1 Compatible Apple LLVM 11.0.0 (clang-1100.0.33.17), GMP version 6.1.0, MPFR version 3.1.4, MPC version 1.0.3, isl version isl-0.18-GMP

GGC heuristics: --param ggc-min-expand=100 --param ggc-min-heapsize=131072
ignoring duplicate directory "/Applications/MCUXpressoIDE_11.5.0_7232/ide/plugins/com.nxp.mcuxpresso.tools.macosx_11.5.0.202107051138/tools/bin/../lib/gcc/../../lib/gcc/arm-none-eabi/10.3.1/include"
ignoring nonexistent directory "/Applications/MCUXpressoIDE_11.5.0_7232/ide/plugins/com.nxp.mcuxpresso.tools.macosx_11.5.0.202107051138/tools/bin/../arm-none-eabi/usr/local/include"
ignoring duplicate directory "/Applications/MCUXpressoIDE_11.5.0_7232/ide/plugins/com.nxp.mcuxpresso.tools.macosx_11.5.0.202107051138/tools/bin/../lib/gcc/../../lib/gcc/arm-none-eabi/10.3.1/include-fixed"
ignoring duplicate directory "/Applications/MCUXpressoIDE_11.5.0_7232/ide/plugins/com.nxp.mcuxpresso.tools.macosx_11.5.0.202107051138/tools/bin/../lib/gcc/../../lib/gcc/arm-none-eabi/10.3.1/../../../../arm-none-eabi/include"
ignoring nonexistent directory "/Applications/MCUXpressoIDE_11.5.0_7232/ide/plugins/com.nxp.mcuxpresso.tools.macosx_11.5.0.202107051138/tools/bin/../arm-none-eabi/usr/include"
#include "..." search starts here:
#include <...> search starts here:
 /Applications/MCUXpressoIDE_11.5.0_7232/ide/plugins/com.nxp.mcuxpresso.tools.macosx_11.5.0.202107051138/tools/bin/../lib/gcc/arm-none-eabi/10.3.1/include
 /Applications/MCUXpressoIDE_11.5.0_7232/ide/plugins/com.nxp.mcuxpresso.tools.macosx_11.5.0.202107051138/tools/bin/../lib/gcc/arm-none-eabi/10.3.1/include-fixed
 /Applications/MCUXpressoIDE_11.5.0_7232/ide/plugins/com.nxp.mcuxpresso.tools.macosx_11.5.0.202107051138/tools/bin/../lib/gcc/arm-none-eabi/10.3.1/../../../../arm-none-eabi/include
End of search list.
GNU C17 (GNU Arm Embedded Toolchain 10.3-2021.07) version 10.3.1 20210621 (release) (arm-none-eabi)
	compiled by GNU C version 4.2.1 Compatible Apple LLVM 11.0.0 (clang-1100.0.33.17), GMP version 6.1.0, MPFR version 3.1.4, MPC version 1.0.3, isl version isl-0.18-GMP

GGC heuristics: --param ggc-min-expand=100 --param ggc-min-heapsize=131072
Compiler executable checksum: d91dc699e451f0517ab8d6ba716870d2
COLLECT_GCC_OPTIONS='-mthumb' '-mcpu=cortex-m4' '-mfloat-abi=hard' '-mfpu=fpv4-sp-d16' '-g3' '-ffunction-sections' '-fdata-sections' '-fno-strict-aliasing' '-fno-builtin' '-fno-common' '-Wall' '-Wshadow' '-Wdouble-promotion' '-O0' '-v' '-o' 'CMakeFiles/cmTC_4f02a.dir/CMakeCCompilerABI.c.obj' '-c' '-mlibarch=armv7e-m+fp' '-march=armv7e-m+fp'
 /Applications/MCUXpressoIDE_11.5.0_7232/ide/plugins/com.nxp.mcuxpresso.tools.macosx_11.5.0.202107051138/tools/bin/../lib/gcc/arm-none-eabi/10.3.1/../../../../arm-none-eabi/bin/as -v -march=armv7e-m -mfloat-abi=hard -mfpu=fpv4-sp-d16 -meabi=5 -o CMakeFiles/cmTC_4f02a.dir/CMakeCCompilerABI.c.obj /var/folders/q1/s_fz24pn4830030bqnww2drr0000gn/T//ccEe54nq.s
GNU assembler version 2.36.1 (arm-none-eabi) using BFD version (GNU Arm Embedded Toolchain 10.3-2021.07) 2.36.1.20210621
COMPILER_PATH=/Applications/MCUXpressoIDE_11.5.0_7232/ide/plugins/com.nxp.mcuxpresso.tools.macosx_11.5.0.202107051138/tools/bin/../lib/gcc/arm-none-eabi/10.3.1/:/Applications/MCUXpressoIDE_11.5.0_7232/ide/plugins/com.nxp.mcuxpresso.tools.macosx_11.5.0.202107051138/tools/bin/../lib/gcc/:/Applications/MCUXpressoIDE_11.5.0_7232/ide/plugins/com.nxp.mcuxpresso.tools.macosx_11.5.0.202107051138/tools/bin/../lib/gcc/arm-none-eabi/10.3.1/../../../../arm-none-eabi/bin/
LIBRARY_PATH=/Applications/MCUXpressoIDE_11.5.0_7232/ide/plugins/com.nxp.mcuxpresso.tools.macosx_11.5.0.202107051138/tools/bin/../lib/gcc/arm-none-eabi/10.3.1/thumb/v7e-m+fp/hard/:/Applications/MCUXpressoIDE_11.5.0_7232/ide/plugins/com.nxp.mcuxpresso.tools.macosx_11.5.0.202107051138/tools/bin/../lib/gcc/arm-none-eabi/10.3.1/../../../../arm-none-eabi/lib/thumb/v7e-m+fp/hard/:/Applications/MCUXpressoIDE_11.5.0_7232/ide/plugins/com.nxp.mcuxpresso.tools.macosx_11.5.0.202107051138/tools/bin/../arm-none-eabi/lib/thumb/v7e-m+fp/hard/:/Applications/MCUXpressoIDE_11.5.0_7232/ide/plugins/com.nxp.mcuxpresso.tools.macosx_11.5.0.202107051138/tools/bin/../lib/gcc/arm-none-eabi/10.3.1/:/Applications/MCUXpressoIDE_11.5.0_7232/ide/plugins/com.nxp.mcuxpresso.tools.macosx_11.5.0.202107051138/tools/bin/../lib/gcc/:/Applications/MCUXpressoIDE_11.5.0_7232/ide/plugins/com.nxp.mcuxpresso.tools.macosx_11.5.0.202107051138/tools/bin/../lib/gcc/arm-none-eabi/10.3.1/../../../../arm-none-eabi/lib/:/Applications/MCUXpressoIDE_11.5.0_7232/ide/plugins/com.nxp.mcuxpresso.tools.macosx_11.5.0.202107051138/tools/bin/../arm-none-eabi/lib/
COLLECT_GCC_OPTIONS='-mthumb' '-mcpu=cortex-m4' '-mfloat-abi=hard' '-mfpu=fpv4-sp-d16' '-g3' '-ffunction-sections' '-fdata-sections' '-fno-strict-aliasing' '-fno-builtin' '-fno-common' '-Wall' '-Wshadow' '-Wdouble-promotion' '-O0' '-v' '-o' 'CMakeFiles/cmTC_4f02a.dir/CMakeCCompilerABI.c.obj' '-c' '-mlibarch=armv7e-m+fp' '-march=armv7e-m+fp'
[2/2] Linking C static library libcmTC_4f02a.a



Parsed C implicit include dir info from above output: rv=done
  found start of include info
  found start of implicit include info
    add: [/Applications/MCUXpressoIDE_11.5.0_7232/ide/plugins/com.nxp.mcuxpresso.tools.macosx_11.5.0.202107051138/tools/bin/../lib/gcc/arm-none-eabi/10.3.1/include]
    add: [/Applications/MCUXpressoIDE_11.5.0_7232/ide/plugins/com.nxp.mcuxpresso.tools.macosx_11.5.0.202107051138/tools/bin/../lib/gcc/arm-none-eabi/10.3.1/include-fixed]
    add: [/Applications/MCUXpressoIDE_11.5.0_7232/ide/plugins/com.nxp.mcuxpresso.tools.macosx_11.5.0.202107051138/tools/bin/../lib/gcc/arm-none-eabi/10.3.1/../../../../arm-none-eabi/include]
  end of search list found
  collapse include dir [/Applications/MCUXpressoIDE_11.5.0_7232/ide/plugins/com.nxp.mcuxpresso.tools.macosx_11.5.0.202107051138/tools/bin/../lib/gcc/arm-none-eabi/10.3.1/include] ==> [/Applications/MCUXpressoIDE_11.5.0_7232/ide/plugins/com.nxp.mcuxpresso.tools.macosx_11.5.0.202107051138/tools/lib/gcc/arm-none-eabi/10.3.1/include]
  collapse include dir [/Applications/MCUXpressoIDE_11.5.0_7232/ide/plugins/com.nxp.mcuxpresso.tools.macosx_11.5.0.202107051138/tools/bin/../lib/gcc/arm-none-eabi/10.3.1/include-fixed] ==> [/Applications/MCUXpressoIDE_11.5.0_7232/ide/plugins/com.nxp.mcuxpresso.tools.macosx_11.5.0.202107051138/tools/lib/gcc/arm-none-eabi/10.3.1/include-fixed]
  collapse include dir [/Applications/MCUXpressoIDE_11.5.0_7232/ide/plugins/com.nxp.mcuxpresso.tools.macosx_11.5.0.202107051138/tools/bin/../lib/gcc/arm-none-eabi/10.3.1/../../../../arm-none-eabi/include] ==> [/Applications/MCUXpressoIDE_11.5.0_7232/ide/plugins/com.nxp.mcuxpresso.tools.macosx_11.5.0.202107051138/tools/arm-none-eabi/include]
  implicit include dirs: [/Applications/MCUXpressoIDE_11.5.0_7232/ide/plugins/com.nxp.mcuxpresso.tools.macosx_11.5.0.202107051138/tools/lib/gcc/arm-none-eabi/10.3.1/include;/Applications/MCUXpressoIDE_11.5.0_7232/ide/plugins/com.nxp.mcuxpresso.tools.macosx_11.5.0.202107051138/tools/lib/gcc/arm-none-eabi/10.3.1/include-fixed;/Applications/MCUXpressoIDE_11.5.0_7232/ide/plugins/com.nxp.mcuxpresso.tools.macosx_11.5.0.202107051138/tools/arm-none-eabi/include]


Parsed C implicit link information from above output:
  link line regex: [^( *|.*[/\])(arm-none-eabi-gcc|CMAKE_LINK_STARTFILE-NOTFOUND|([^/\]+-)?ld|collect2)[^/\]*( |$)]
  ignore line: [Change Dir: /Users/ghampton/mysrc/postprocess/blacklion/shared/lib/driverlib/build/CMakeFiles/CMakeTmp]
  ignore line: []
  ignore line: [Run Build Command(s):/opt/homebrew/bin/ninja cmTC_4f02a && [1/2] Building C object CMakeFiles/cmTC_4f02a.dir/CMakeCCompilerABI.c.obj]
  ignore line: [Using built-in specs.]
  ignore line: [COLLECT_GCC=/Applications/MCUXpressoIDE_11.5.0_7232/ide/plugins/com.nxp.mcuxpresso.tools.macosx_11.5.0.202107051138/tools/bin/arm-none-eabi-gcc]
  ignore line: [Target: arm-none-eabi]
  ignore line: [Configured with: /tmp/jenkins-GCC-10-pipeline-259_20210727_1627345004/src/gcc/configure --target=arm-none-eabi --prefix=/tmp/jenkins-GCC-10-pipeline-259_20210727_1627345004/install-native --libexecdir=/tmp/jenkins-GCC-10-pipeline-259_20210727_1627345004/install-native/lib --infodir=/tmp/jenkins-GCC-10-pipeline-259_20210727_1627345004/install-native/share/doc/gcc-arm-none-eabi/info --mandir=/tmp/jenkins-GCC-10-pipeline-259_20210727_1627345004/install-native/share/doc/gcc-arm-none-eabi/man --htmldir=/tmp/jenkins-GCC-10-pipeline-259_20210727_1627345004/install-native/share/doc/gcc-arm-none-eabi/html --pdfdir=/tmp/jenkins-GCC-10-pipeline-259_20210727_1627345004/install-native/share/doc/gcc-arm-none-eabi/pdf --enable-languages=c,c++ --enable-plugins --disable-decimal-float --disable-libffi --disable-libgomp --disable-libmudflap --disable-libquadmath --disable-libssp --disable-libstdcxx-pch --disable-nls --disable-shared --disable-threads --disable-tls --with-gnu-as --with-gnu-ld --with-newlib --with-headers=yes --with-python-dir=share/gcc-arm-none-eabi --with-sysroot=/tmp/jenkins-GCC-10-pipeline-259_20210727_1627345004/install-native/arm-none-eabi --build=x86_64-apple-darwin10 --host=x86_64-apple-darwin10 --with-gmp=/tmp/jenkins-GCC-10-pipeline-259_20210727_1627345004/build-native/host-libs/usr --with-mpfr=/tmp/jenkins-GCC-10-pipeline-259_20210727_1627345004/build-native/host-libs/usr --with-mpc=/tmp/jenkins-GCC-10-pipeline-259_20210727_1627345004/build-native/host-libs/usr --with-isl=/tmp/jenkins-GCC-10-pipeline-259_20210727_1627345004/build-native/host-libs/usr --with-libelf=/tmp/jenkins-GCC-10-pipeline-259_20210727_1627345004/build-native/host-libs/usr --with-host-libstdcxx='-static-libgcc -Wl,-lstdc++ -lm' --with-pkgversion='GNU Arm Embedded Toolchain 10.3-2021.07' --with-multilib-list=rmprofile,aprofile]
  ignore line: [Thread model: single]
  ignore line: [Supported LTO compression algorithms: zlib]
  ignore line: [gcc version 10.3.1 20210621 (release) (GNU Arm Embedded Toolchain 10.3-2021.07) ]
  ignore line: [COLLECT_GCC_OPTIONS='-mthumb' '-mcpu=cortex-m4' '-mfloat-abi=hard' '-mfpu=fpv4-sp-d16' '-g3' '-ffunction-sections' '-fdata-sections' '-fno-strict-aliasing' '-fno-builtin' '-fno-common' '-Wall' '-Wshadow' '-Wdouble-promotion' '-O0' '-v' '-o' 'CMakeFiles/cmTC_4f02a.dir/CMakeCCompilerABI.c.obj' '-c' '-mlibarch=armv7e-m+fp' '-march=armv7e-m+fp']
  ignore line: [ /Applications/MCUXpressoIDE_11.5.0_7232/ide/plugins/com.nxp.mcuxpresso.tools.macosx_11.5.0.202107051138/tools/bin/../lib/gcc/arm-none-eabi/10.3.1/cc1 -quiet -v -imultilib thumb/v7e-m+fp/hard -iprefix /Applications/MCUXpressoIDE_11.5.0_7232/ide/plugins/com.nxp.mcuxpresso.tools.macosx_11.5.0.202107051138/tools/bin/../lib/gcc/arm-none-eabi/10.3.1/ -isysroot /Applications/MCUXpressoIDE_11.5.0_7232/ide/plugins/com.nxp.mcuxpresso.tools.macosx_11.5.0.202107051138/tools/bin/../arm-none-eabi -dD -D__USES_INITFINI__ /opt/homebrew/Cellar/cmake/3.22.3/share/cmake/Modules/CMakeCCompilerABI.c -quiet -dumpbase CMakeCCompilerABI.c -mthumb -mcpu=cortex-m4 -mfloat-abi=hard -mfpu=fpv4-sp-d16 -mlibarch=armv7e-m+fp -march=armv7e-m+fp -auxbase-strip CMakeFiles/cmTC_4f02a.dir/CMakeCCompilerABI.c.obj -g3 -O0 -Wall -Wshadow -Wdouble-promotion -version -ffunction-sections -fdata-sections -fno-strict-aliasing -fno-builtin -fno-common -o /var/folders/q1/s_fz24pn4830030bqnww2drr0000gn/T//ccEe54nq.s]
  ignore line: [GNU C17 (GNU Arm Embedded Toolchain 10.3-2021.07) version 10.3.1 20210621 (release) (arm-none-eabi)]
  ignore line: [	compiled by GNU C version 4.2.1 Compatible Apple LLVM 11.0.0 (clang-1100.0.33.17)  GMP version 6.1.0  MPFR version 3.1.4  MPC version 1.0.3  isl version isl-0.18-GMP]
  ignore line: []
  ignore line: [GGC heuristics: --param ggc-min-expand=100 --param ggc-min-heapsize=131072]
  ignore line: [ignoring duplicate directory "/Applications/MCUXpressoIDE_11.5.0_7232/ide/plugins/com.nxp.mcuxpresso.tools.macosx_11.5.0.202107051138/tools/bin/../lib/gcc/../../lib/gcc/arm-none-eabi/10.3.1/include"]
  ignore line: [ignoring nonexistent directory "/Applications/MCUXpressoIDE_11.5.0_7232/ide/plugins/com.nxp.mcuxpresso.tools.macosx_11.5.0.202107051138/tools/bin/../arm-none-eabi/usr/local/include"]
  ignore line: [ignoring duplicate directory "/Applications/MCUXpressoIDE_11.5.0_7232/ide/plugins/com.nxp.mcuxpresso.tools.macosx_11.5.0.202107051138/tools/bin/../lib/gcc/../../lib/gcc/arm-none-eabi/10.3.1/include-fixed"]
  ignore line: [ignoring duplicate directory "/Applications/MCUXpressoIDE_11.5.0_7232/ide/plugins/com.nxp.mcuxpresso.tools.macosx_11.5.0.202107051138/tools/bin/../lib/gcc/../../lib/gcc/arm-none-eabi/10.3.1/../../../../arm-none-eabi/include"]
  ignore line: [ignoring nonexistent directory "/Applications/MCUXpressoIDE_11.5.0_7232/ide/plugins/com.nxp.mcuxpresso.tools.macosx_11.5.0.202107051138/tools/bin/../arm-none-eabi/usr/include"]
  ignore line: [#include "..." search starts here:]
  ignore line: [#include <...> search starts here:]
  ignore line: [ /Applications/MCUXpressoIDE_11.5.0_7232/ide/plugins/com.nxp.mcuxpresso.tools.macosx_11.5.0.202107051138/tools/bin/../lib/gcc/arm-none-eabi/10.3.1/include]
  ignore line: [ /Applications/MCUXpressoIDE_11.5.0_7232/ide/plugins/com.nxp.mcuxpresso.tools.macosx_11.5.0.202107051138/tools/bin/../lib/gcc/arm-none-eabi/10.3.1/include-fixed]
  ignore line: [ /Applications/MCUXpressoIDE_11.5.0_7232/ide/plugins/com.nxp.mcuxpresso.tools.macosx_11.5.0.202107051138/tools/bin/../lib/gcc/arm-none-eabi/10.3.1/../../../../arm-none-eabi/include]
  ignore line: [End of search list.]
  ignore line: [GNU C17 (GNU Arm Embedded Toolchain 10.3-2021.07) version 10.3.1 20210621 (release) (arm-none-eabi)]
  ignore line: [	compiled by GNU C version 4.2.1 Compatible Apple LLVM 11.0.0 (clang-1100.0.33.17)  GMP version 6.1.0  MPFR version 3.1.4  MPC version 1.0.3  isl version isl-0.18-GMP]
  ignore line: []
  ignore line: [GGC heuristics: --param ggc-min-expand=100 --param ggc-min-heapsize=131072]
  ignore line: [Compiler executable checksum: d91dc699e451f0517ab8d6ba716870d2]
  ignore line: [COLLECT_GCC_OPTIONS='-mthumb' '-mcpu=cortex-m4' '-mfloat-abi=hard' '-mfpu=fpv4-sp-d16' '-g3' '-ffunction-sections' '-fdata-sections' '-fno-strict-aliasing' '-fno-builtin' '-fno-common' '-Wall' '-Wshadow' '-Wdouble-promotion' '-O0' '-v' '-o' 'CMakeFiles/cmTC_4f02a.dir/CMakeCCompilerABI.c.obj' '-c' '-mlibarch=armv7e-m+fp' '-march=armv7e-m+fp']
  ignore line: [ /Applications/MCUXpressoIDE_11.5.0_7232/ide/plugins/com.nxp.mcuxpresso.tools.macosx_11.5.0.202107051138/tools/bin/../lib/gcc/arm-none-eabi/10.3.1/../../../../arm-none-eabi/bin/as -v -march=armv7e-m -mfloat-abi=hard -mfpu=fpv4-sp-d16 -meabi=5 -o CMakeFiles/cmTC_4f02a.dir/CMakeCCompilerABI.c.obj /var/folders/q1/s_fz24pn4830030bqnww2drr0000gn/T//ccEe54nq.s]
  ignore line: [GNU assembler version 2.36.1 (arm-none-eabi) using BFD version (GNU Arm Embedded Toolchain 10.3-2021.07) 2.36.1.20210621]
  ignore line: [COMPILER_PATH=/Applications/MCUXpressoIDE_11.5.0_7232/ide/plugins/com.nxp.mcuxpresso.tools.macosx_11.5.0.202107051138/tools/bin/../lib/gcc/arm-none-eabi/10.3.1/:/Applications/MCUXpressoIDE_11.5.0_7232/ide/plugins/com.nxp.mcuxpresso.tools.macosx_11.5.0.202107051138/tools/bin/../lib/gcc/:/Applications/MCUXpressoIDE_11.5.0_7232/ide/plugins/com.nxp.mcuxpresso.tools.macosx_11.5.0.202107051138/tools/bin/../lib/gcc/arm-none-eabi/10.3.1/../../../../arm-none-eabi/bin/]
  ignore line: [LIBRARY_PATH=/Applications/MCUXpressoIDE_11.5.0_7232/ide/plugins/com.nxp.mcuxpresso.tools.macosx_11.5.0.202107051138/tools/bin/../lib/gcc/arm-none-eabi/10.3.1/thumb/v7e-m+fp/hard/:/Applications/MCUXpressoIDE_11.5.0_7232/ide/plugins/com.nxp.mcuxpresso.tools.macosx_11.5.0.202107051138/tools/bin/../lib/gcc/arm-none-eabi/10.3.1/../../../../arm-none-eabi/lib/thumb/v7e-m+fp/hard/:/Applications/MCUXpressoIDE_11.5.0_7232/ide/plugins/com.nxp.mcuxpresso.tools.macosx_11.5.0.202107051138/tools/bin/../arm-none-eabi/lib/thumb/v7e-m+fp/hard/:/Applications/MCUXpressoIDE_11.5.0_7232/ide/plugins/com.nxp.mcuxpresso.tools.macosx_11.5.0.202107051138/tools/bin/../lib/gcc/arm-none-eabi/10.3.1/:/Applications/MCUXpressoIDE_11.5.0_7232/ide/plugins/com.nxp.mcuxpresso.tools.macosx_11.5.0.202107051138/tools/bin/../lib/gcc/:/Applications/MCUXpressoIDE_11.5.0_7232/ide/plugins/com.nxp.mcuxpresso.tools.macosx_11.5.0.202107051138/tools/bin/../lib/gcc/arm-none-eabi/10.3.1/../../../../arm-none-eabi/lib/:/Applications/MCUXpressoIDE_11.5.0_7232/ide/plugins/com.nxp.mcuxpresso.tools.macosx_11.5.0.202107051138/tools/bin/../arm-none-eabi/lib/]
  ignore line: [COLLECT_GCC_OPTIONS='-mthumb' '-mcpu=cortex-m4' '-mfloat-abi=hard' '-mfpu=fpv4-sp-d16' '-g3' '-ffunction-sections' '-fdata-sections' '-fno-strict-aliasing' '-fno-builtin' '-fno-common' '-Wall' '-Wshadow' '-Wdouble-promotion' '-O0' '-v' '-o' 'CMakeFiles/cmTC_4f02a.dir/CMakeCCompilerABI.c.obj' '-c' '-mlibarch=armv7e-m+fp' '-march=armv7e-m+fp']
  ignore line: [[2/2] Linking C static library libcmTC_4f02a.a]
  ignore line: []
  ignore line: []
  implicit libs: []
  implicit objs: []
  implicit dirs: []
  implicit fwks: []


Detecting CXX compiler ABI info compiled with the following output:
Change Dir: /Users/ghampton/mysrc/postprocess/blacklion/shared/lib/driverlib/build/CMakeFiles/CMakeTmp

Run Build Command(s):/opt/homebrew/bin/ninja cmTC_f7771 && [1/2] Building CXX object CMakeFiles/cmTC_f7771.dir/CMakeCXXCompilerABI.cpp.obj
Using built-in specs.
COLLECT_GCC=/Applications/MCUXpressoIDE_11.5.0_7232/ide/plugins/com.nxp.mcuxpresso.tools.macosx_11.5.0.202107051138/tools/bin/arm-none-eabi-g++
Target: arm-none-eabi
Configured with: /tmp/jenkins-GCC-10-pipeline-259_20210727_1627345004/src/gcc/configure --target=arm-none-eabi --prefix=/tmp/jenkins-GCC-10-pipeline-259_20210727_1627345004/install-native --libexecdir=/tmp/jenkins-GCC-10-pipeline-259_20210727_1627345004/install-native/lib --infodir=/tmp/jenkins-GCC-10-pipeline-259_20210727_1627345004/install-native/share/doc/gcc-arm-none-eabi/info --mandir=/tmp/jenkins-GCC-10-pipeline-259_20210727_1627345004/install-native/share/doc/gcc-arm-none-eabi/man --htmldir=/tmp/jenkins-GCC-10-pipeline-259_20210727_1627345004/install-native/share/doc/gcc-arm-none-eabi/html --pdfdir=/tmp/jenkins-GCC-10-pipeline-259_20210727_1627345004/install-native/share/doc/gcc-arm-none-eabi/pdf --enable-languages=c,c++ --enable-plugins --disable-decimal-float --disable-libffi --disable-libgomp --disable-libmudflap --disable-libquadmath --disable-libssp --disable-libstdcxx-pch --disable-nls --disable-shared --disable-threads --disable-tls --with-gnu-as --with-gnu-ld --with-newlib --with-headers=yes --with-python-dir=share/gcc-arm-none-eabi --with-sysroot=/tmp/jenkins-GCC-10-pipeline-259_20210727_1627345004/install-native/arm-none-eabi --build=x86_64-apple-darwin10 --host=x86_64-apple-darwin10 --with-gmp=/tmp/jenkins-GCC-10-pipeline-259_20210727_1627345004/build-native/host-libs/usr --with-mpfr=/tmp/jenkins-GCC-10-pipeline-259_20210727_1627345004/build-native/host-libs/usr --with-mpc=/tmp/jenkins-GCC-10-pipeline-259_20210727_1627345004/build-native/host-libs/usr --with-isl=/tmp/jenkins-GCC-10-pipeline-259_20210727_1627345004/build-native/host-libs/usr --with-libelf=/tmp/jenkins-GCC-10-pipeline-259_20210727_1627345004/build-native/host-libs/usr --with-host-libstdcxx='-static-libgcc -Wl,-lstdc++ -lm' --with-pkgversion='GNU Arm Embedded Toolchain 10.3-2021.07' --with-multilib-list=rmprofile,aprofile
Thread model: single
Supported LTO compression algorithms: zlib
gcc version 10.3.1 20210621 (release) (GNU Arm Embedded Toolchain 10.3-2021.07) 
COLLECT_GCC_OPTIONS='-mthumb' '-mcpu=cortex-m4' '-mfloat-abi=hard' '-mfpu=fpv4-sp-d16' '-g3' '-ffunction-sections' '-fdata-sections' '-fno-strict-aliasing' '-fno-builtin' '-fno-common' '-Wall' '-Wshadow' '-Wdouble-promotion' '-g' '-v' '-o' 'CMakeFiles/cmTC_f7771.dir/CMakeCXXCompilerABI.cpp.obj' '-c' '-mlibarch=armv7e-m+fp' '-march=armv7e-m+fp'
 /Applications/MCUXpressoIDE_11.5.0_7232/ide/plugins/com.nxp.mcuxpresso.tools.macosx_11.5.0.202107051138/tools/bin/../lib/gcc/arm-none-eabi/10.3.1/cc1plus -quiet -v -imultilib thumb/v7e-m+fp/hard -iprefix /Applications/MCUXpressoIDE_11.5.0_7232/ide/plugins/com.nxp.mcuxpresso.tools.macosx_11.5.0.202107051138/tools/bin/../lib/gcc/arm-none-eabi/10.3.1/ -isysroot /Applications/MCUXpressoIDE_11.5.0_7232/ide/plugins/com.nxp.mcuxpresso.tools.macosx_11.5.0.202107051138/tools/bin/../arm-none-eabi -dD -D__USES_INITFINI__ /opt/homebrew/Cellar/cmake/3.22.3/share/cmake/Modules/CMakeCXXCompilerABI.cpp -quiet -dumpbase CMakeCXXCompilerABI.cpp -mthumb -mcpu=cortex-m4 -mfloat-abi=hard -mfpu=fpv4-sp-d16 -mlibarch=armv7e-m+fp -march=armv7e-m+fp -auxbase-strip CMakeFiles/cmTC_f7771.dir/CMakeCXXCompilerABI.cpp.obj -g3 -g -Wall -Wshadow -Wdouble-promotion -version -ffunction-sections -fdata-sections -fno-strict-aliasing -fno-builtin -fno-common -o /var/folders/q1/s_fz24pn4830030bqnww2drr0000gn/T//ccY31pGu.s
GNU C++14 (GNU Arm Embedded Toolchain 10.3-2021.07) version 10.3.1 20210621 (release) (arm-none-eabi)
	compiled by GNU C version 4.2.1 Compatible Apple LLVM 11.0.0 (clang-1100.0.33.17), GMP version 6.1.0, MPFR version 3.1.4, MPC version 1.0.3, isl version isl-0.18-GMP

GGC heuristics: --param ggc-min-expand=100 --param ggc-min-heapsize=131072
ignoring duplicate directory "/Applications/MCUXpressoIDE_11.5.0_7232/ide/plugins/com.nxp.mcuxpresso.tools.macosx_11.5.0.202107051138/tools/bin/../lib/gcc/../../lib/gcc/arm-none-eabi/10.3.1/../../../../arm-none-eabi/include/c++/10.3.1"
ignoring duplicate directory "/Applications/MCUXpressoIDE_11.5.0_7232/ide/plugins/com.nxp.mcuxpresso.tools.macosx_11.5.0.202107051138/tools/bin/../lib/gcc/../../lib/gcc/arm-none-eabi/10.3.1/../../../../arm-none-eabi/include/c++/10.3.1/arm-none-eabi/thumb/v7e-m+fp/hard"
ignoring duplicate directory "/Applications/MCUXpressoIDE_11.5.0_7232/ide/plugins/com.nxp.mcuxpresso.tools.macosx_11.5.0.202107051138/tools/bin/../lib/gcc/../../lib/gcc/arm-none-eabi/10.3.1/../../../../arm-none-eabi/include/c++/10.3.1/backward"
ignoring duplicate directory "/Applications/MCUXpressoIDE_11.5.0_7232/ide/plugins/com.nxp.mcuxpresso.tools.macosx_11.5.0.202107051138/tools/bin/../lib/gcc/../../lib/gcc/arm-none-eabi/10.3.1/include"
ignoring nonexistent directory "/Applications/MCUXpressoIDE_11.5.0_7232/ide/plugins/com.nxp.mcuxpresso.tools.macosx_11.5.0.202107051138/tools/bin/../arm-none-eabi/usr/local/include"
ignoring duplicate directory "/Applications/MCUXpressoIDE_11.5.0_7232/ide/plugins/com.nxp.mcuxpresso.tools.macosx_11.5.0.202107051138/tools/bin/../lib/gcc/../../lib/gcc/arm-none-eabi/10.3.1/include-fixed"
ignoring duplicate directory "/Applications/MCUXpressoIDE_11.5.0_7232/ide/plugins/com.nxp.mcuxpresso.tools.macosx_11.5.0.202107051138/tools/bin/../lib/gcc/../../lib/gcc/arm-none-eabi/10.3.1/../../../../arm-none-eabi/include"
ignoring nonexistent directory "/Applications/MCUXpressoIDE_11.5.0_7232/ide/plugins/com.nxp.mcuxpresso.tools.macosx_11.5.0.202107051138/tools/bin/../arm-none-eabi/usr/include"
#include "..." search starts here:
#include <...> search starts here:
 /Applications/MCUXpressoIDE_11.5.0_7232/ide/plugins/com.nxp.mcuxpresso.tools.macosx_11.5.0.202107051138/tools/bin/../lib/gcc/arm-none-eabi/10.3.1/../../../../arm-none-eabi/include/c++/10.3.1
 /Applications/MCUXpressoIDE_11.5.0_7232/ide/plugins/com.nxp.mcuxpresso.tools.macosx_11.5.0.202107051138/tools/bin/../lib/gcc/arm-none-eabi/10.3.1/../../../../arm-none-eabi/include/c++/10.3.1/arm-none-eabi/thumb/v7e-m+fp/hard
 /Applications/MCUXpressoIDE_11.5.0_7232/ide/plugins/com.nxp.mcuxpresso.tools.macosx_11.5.0.202107051138/tools/bin/../lib/gcc/arm-none-eabi/10.3.1/../../../../arm-none-eabi/include/c++/10.3.1/backward
 /Applications/MCUXpressoIDE_11.5.0_7232/ide/plugins/com.nxp.mcuxpresso.tools.macosx_11.5.0.202107051138/tools/bin/../lib/gcc/arm-none-eabi/10.3.1/include
 /Applications/MCUXpressoIDE_11.5.0_7232/ide/plugins/com.nxp.mcuxpresso.tools.macosx_11.5.0.202107051138/tools/bin/../lib/gcc/arm-none-eabi/10.3.1/include-fixed
 /Applications/MCUXpressoIDE_11.5.0_7232/ide/plugins/com.nxp.mcuxpresso.tools.macosx_11.5.0.202107051138/tools/bin/../lib/gcc/arm-none-eabi/10.3.1/../../../../arm-none-eabi/include
End of search list.
GNU C++14 (GNU Arm Embedded Toolchain 10.3-2021.07) version 10.3.1 20210621 (release) (arm-none-eabi)
	compiled by GNU C version 4.2.1 Compatible Apple LLVM 11.0.0 (clang-1100.0.33.17), GMP version 6.1.0, MPFR version 3.1.4, MPC version 1.0.3, isl version isl-0.18-GMP

GGC heuristics: --param ggc-min-expand=100 --param ggc-min-heapsize=131072
Compiler executable checksum: 70db48a4a4272d34069aa074d5721a63
COLLECT_GCC_OPTIONS='-mthumb' '-mcpu=cortex-m4' '-mfloat-abi=hard' '-mfpu=fpv4-sp-d16' '-g3' '-ffunction-sections' '-fdata-sections' '-fno-strict-aliasing' '-fno-builtin' '-fno-common' '-Wall' '-Wshadow' '-Wdouble-promotion' '-g' '-v' '-o' 'CMakeFiles/cmTC_f7771.dir/CMakeCXXCompilerABI.cpp.obj' '-c' '-mlibarch=armv7e-m+fp' '-march=armv7e-m+fp'
 /Applications/MCUXpressoIDE_11.5.0_7232/ide/plugins/com.nxp.mcuxpresso.tools.macosx_11.5.0.202107051138/tools/bin/../lib/gcc/arm-none-eabi/10.3.1/../../../../arm-none-eabi/bin/as -v -march=armv7e-m -mfloat-abi=hard -mfpu=fpv4-sp-d16 -meabi=5 -o CMakeFiles/cmTC_f7771.dir/CMakeCXXCompilerABI.cpp.obj /var/folders/q1/s_fz24pn4830030bqnww2drr0000gn/T//ccY31pGu.s
GNU assembler version 2.36.1 (arm-none-eabi) using BFD version (GNU Arm Embedded Toolchain 10.3-2021.07) 2.36.1.20210621
COMPILER_PATH=/Applications/MCUXpressoIDE_11.5.0_7232/ide/plugins/com.nxp.mcuxpresso.tools.macosx_11.5.0.202107051138/tools/bin/../lib/gcc/arm-none-eabi/10.3.1/:/Applications/MCUXpressoIDE_11.5.0_7232/ide/plugins/com.nxp.mcuxpresso.tools.macosx_11.5.0.202107051138/tools/bin/../lib/gcc/:/Applications/MCUXpressoIDE_11.5.0_7232/ide/plugins/com.nxp.mcuxpresso.tools.macosx_11.5.0.202107051138/tools/bin/../lib/gcc/arm-none-eabi/10.3.1/../../../../arm-none-eabi/bin/
LIBRARY_PATH=/Applications/MCUXpressoIDE_11.5.0_7232/ide/plugins/com.nxp.mcuxpresso.tools.macosx_11.5.0.202107051138/tools/bin/../lib/gcc/arm-none-eabi/10.3.1/thumb/v7e-m+fp/hard/:/Applications/MCUXpressoIDE_11.5.0_7232/ide/plugins/com.nxp.mcuxpresso.tools.macosx_11.5.0.202107051138/tools/bin/../lib/gcc/arm-none-eabi/10.3.1/../../../../arm-none-eabi/lib/thumb/v7e-m+fp/hard/:/Applications/MCUXpressoIDE_11.5.0_7232/ide/plugins/com.nxp.mcuxpresso.tools.macosx_11.5.0.202107051138/tools/bin/../arm-none-eabi/lib/thumb/v7e-m+fp/hard/:/Applications/MCUXpressoIDE_11.5.0_7232/ide/plugins/com.nxp.mcuxpresso.tools.macosx_11.5.0.202107051138/tools/bin/../lib/gcc/arm-none-eabi/10.3.1/:/Applications/MCUXpressoIDE_11.5.0_7232/ide/plugins/com.nxp.mcuxpresso.tools.macosx_11.5.0.202107051138/tools/bin/../lib/gcc/:/Applications/MCUXpressoIDE_11.5.0_7232/ide/plugins/com.nxp.mcuxpresso.tools.macosx_11.5.0.202107051138/tools/bin/../lib/gcc/arm-none-eabi/10.3.1/../../../../arm-none-eabi/lib/:/Applications/MCUXpressoIDE_11.5.0_7232/ide/plugins/com.nxp.mcuxpresso.tools.macosx_11.5.0.202107051138/tools/bin/../arm-none-eabi/lib/
COLLECT_GCC_OPTIONS='-mthumb' '-mcpu=cortex-m4' '-mfloat-abi=hard' '-mfpu=fpv4-sp-d16' '-g3' '-ffunction-sections' '-fdata-sections' '-fno-strict-aliasing' '-fno-builtin' '-fno-common' '-Wall' '-Wshadow' '-Wdouble-promotion' '-g' '-v' '-o' 'CMakeFiles/cmTC_f7771.dir/CMakeCXXCompilerABI.cpp.obj' '-c' '-mlibarch=armv7e-m+fp' '-march=armv7e-m+fp'
[2/2] Linking CXX static library libcmTC_f7771.a



Parsed CXX implicit include dir info from above output: rv=done
  found start of include info
  found start of implicit include info
    add: [/Applications/MCUXpressoIDE_11.5.0_7232/ide/plugins/com.nxp.mcuxpresso.tools.macosx_11.5.0.202107051138/tools/bin/../lib/gcc/arm-none-eabi/10.3.1/../../../../arm-none-eabi/include/c++/10.3.1]
    add: [/Applications/MCUXpressoIDE_11.5.0_7232/ide/plugins/com.nxp.mcuxpresso.tools.macosx_11.5.0.202107051138/tools/bin/../lib/gcc/arm-none-eabi/10.3.1/../../../../arm-none-eabi/include/c++/10.3.1/arm-none-eabi/thumb/v7e-m+fp/hard]
    add: [/Applications/MCUXpressoIDE_11.5.0_7232/ide/plugins/com.nxp.mcuxpresso.tools.macosx_11.5.0.202107051138/tools/bin/../lib/gcc/arm-none-eabi/10.3.1/../../../../arm-none-eabi/include/c++/10.3.1/backward]
    add: [/Applications/MCUXpressoIDE_11.5.0_7232/ide/plugins/com.nxp.mcuxpresso.tools.macosx_11.5.0.202107051138/tools/bin/../lib/gcc/arm-none-eabi/10.3.1/include]
    add: [/Applications/MCUXpressoIDE_11.5.0_7232/ide/plugins/com.nxp.mcuxpresso.tools.macosx_11.5.0.202107051138/tools/bin/../lib/gcc/arm-none-eabi/10.3.1/include-fixed]
    add: [/Applications/MCUXpressoIDE_11.5.0_7232/ide/plugins/com.nxp.mcuxpresso.tools.macosx_11.5.0.202107051138/tools/bin/../lib/gcc/arm-none-eabi/10.3.1/../../../../arm-none-eabi/include]
  end of search list found
  collapse include dir [/Applications/MCUXpressoIDE_11.5.0_7232/ide/plugins/com.nxp.mcuxpresso.tools.macosx_11.5.0.202107051138/tools/bin/../lib/gcc/arm-none-eabi/10.3.1/../../../../arm-none-eabi/include/c++/10.3.1] ==> [/Applications/MCUXpressoIDE_11.5.0_7232/ide/plugins/com.nxp.mcuxpresso.tools.macosx_11.5.0.202107051138/tools/arm-none-eabi/include/c++/10.3.1]
  collapse include dir [/Applications/MCUXpressoIDE_11.5.0_7232/ide/plugins/com.nxp.mcuxpresso.tools.macosx_11.5.0.202107051138/tools/bin/../lib/gcc/arm-none-eabi/10.3.1/../../../../arm-none-eabi/include/c++/10.3.1/arm-none-eabi/thumb/v7e-m+fp/hard] ==> [/Applications/MCUXpressoIDE_11.5.0_7232/ide/plugins/com.nxp.mcuxpresso.tools.macosx_11.5.0.202107051138/tools/arm-none-eabi/include/c++/10.3.1/arm-none-eabi/thumb/v7e-m+fp/hard]
  collapse include dir [/Applications/MCUXpressoIDE_11.5.0_7232/ide/plugins/com.nxp.mcuxpresso.tools.macosx_11.5.0.202107051138/tools/bin/../lib/gcc/arm-none-eabi/10.3.1/../../../../arm-none-eabi/include/c++/10.3.1/backward] ==> [/Applications/MCUXpressoIDE_11.5.0_7232/ide/plugins/com.nxp.mcuxpresso.tools.macosx_11.5.0.202107051138/tools/arm-none-eabi/include/c++/10.3.1/backward]
  collapse include dir [/Applications/MCUXpressoIDE_11.5.0_7232/ide/plugins/com.nxp.mcuxpresso.tools.macosx_11.5.0.202107051138/tools/bin/../lib/gcc/arm-none-eabi/10.3.1/include] ==> [/Applications/MCUXpressoIDE_11.5.0_7232/ide/plugins/com.nxp.mcuxpresso.tools.macosx_11.5.0.202107051138/tools/lib/gcc/arm-none-eabi/10.3.1/include]
  collapse include dir [/Applications/MCUXpressoIDE_11.5.0_7232/ide/plugins/com.nxp.mcuxpresso.tools.macosx_11.5.0.202107051138/tools/bin/../lib/gcc/arm-none-eabi/10.3.1/include-fixed] ==> [/Applications/MCUXpressoIDE_11.5.0_7232/ide/plugins/com.nxp.mcuxpresso.tools.macosx_11.5.0.202107051138/tools/lib/gcc/arm-none-eabi/10.3.1/include-fixed]
  collapse include dir [/Applications/MCUXpressoIDE_11.5.0_7232/ide/plugins/com.nxp.mcuxpresso.tools.macosx_11.5.0.202107051138/tools/bin/../lib/gcc/arm-none-eabi/10.3.1/../../../../arm-none-eabi/include] ==> [/Applications/MCUXpressoIDE_11.5.0_7232/ide/plugins/com.nxp.mcuxpresso.tools.macosx_11.5.0.202107051138/tools/arm-none-eabi/include]
  implicit include dirs: [/Applications/MCUXpressoIDE_11.5.0_7232/ide/plugins/com.nxp.mcuxpresso.tools.macosx_11.5.0.202107051138/tools/arm-none-eabi/include/c++/10.3.1;/Applications/MCUXpressoIDE_11.5.0_7232/ide/plugins/com.nxp.mcuxpresso.tools.macosx_11.5.0.202107051138/tools/arm-none-eabi/include/c++/10.3.1/arm-none-eabi/thumb/v7e-m+fp/hard;/Applications/MCUXpressoIDE_11.5.0_7232/ide/plugins/com.nxp.mcuxpresso.tools.macosx_11.5.0.202107051138/tools/arm-none-eabi/include/c++/10.3.1/backward;/Applications/MCUXpressoIDE_11.5.0_7232/ide/plugins/com.nxp.mcuxpresso.tools.macosx_11.5.0.202107051138/tools/lib/gcc/arm-none-eabi/10.3.1/include;/Applications/MCUXpressoIDE_11.5.0_7232/ide/plugins/com.nxp.mcuxpresso.tools.macosx_11.5.0.202107051138/tools/lib/gcc/arm-none-eabi/10.3.1/include-fixed;/Applications/MCUXpressoIDE_11.5.0_7232/ide/plugins/com.nxp.mcuxpresso.tools.macosx_11.5.0.202107051138/tools/arm-none-eabi/include]


Parsed CXX implicit link information from above output:
  link line regex: [^( *|.*[/\])(arm-none-eabi-gcc|CMAKE_LINK_STARTFILE-NOTFOUND|([^/\]+-)?ld|collect2)[^/\]*( |$)]
  ignore line: [Change Dir: /Users/ghampton/mysrc/postprocess/blacklion/shared/lib/driverlib/build/CMakeFiles/CMakeTmp]
  ignore line: []
  ignore line: [Run Build Command(s):/opt/homebrew/bin/ninja cmTC_f7771 && [1/2] Building CXX object CMakeFiles/cmTC_f7771.dir/CMakeCXXCompilerABI.cpp.obj]
  ignore line: [Using built-in specs.]
  ignore line: [COLLECT_GCC=/Applications/MCUXpressoIDE_11.5.0_7232/ide/plugins/com.nxp.mcuxpresso.tools.macosx_11.5.0.202107051138/tools/bin/arm-none-eabi-g++]
  ignore line: [Target: arm-none-eabi]
  ignore line: [Configured with: /tmp/jenkins-GCC-10-pipeline-259_20210727_1627345004/src/gcc/configure --target=arm-none-eabi --prefix=/tmp/jenkins-GCC-10-pipeline-259_20210727_1627345004/install-native --libexecdir=/tmp/jenkins-GCC-10-pipeline-259_20210727_1627345004/install-native/lib --infodir=/tmp/jenkins-GCC-10-pipeline-259_20210727_1627345004/install-native/share/doc/gcc-arm-none-eabi/info --mandir=/tmp/jenkins-GCC-10-pipeline-259_20210727_1627345004/install-native/share/doc/gcc-arm-none-eabi/man --htmldir=/tmp/jenkins-GCC-10-pipeline-259_20210727_1627345004/install-native/share/doc/gcc-arm-none-eabi/html --pdfdir=/tmp/jenkins-GCC-10-pipeline-259_20210727_1627345004/install-native/share/doc/gcc-arm-none-eabi/pdf --enable-languages=c,c++ --enable-plugins --disable-decimal-float --disable-libffi --disable-libgomp --disable-libmudflap --disable-libquadmath --disable-libssp --disable-libstdcxx-pch --disable-nls --disable-shared --disable-threads --disable-tls --with-gnu-as --with-gnu-ld --with-newlib --with-headers=yes --with-python-dir=share/gcc-arm-none-eabi --with-sysroot=/tmp/jenkins-GCC-10-pipeline-259_20210727_1627345004/install-native/arm-none-eabi --build=x86_64-apple-darwin10 --host=x86_64-apple-darwin10 --with-gmp=/tmp/jenkins-GCC-10-pipeline-259_20210727_1627345004/build-native/host-libs/usr --with-mpfr=/tmp/jenkins-GCC-10-pipeline-259_20210727_1627345004/build-native/host-libs/usr --with-mpc=/tmp/jenkins-GCC-10-pipeline-259_20210727_1627345004/build-native/host-libs/usr --with-isl=/tmp/jenkins-GCC-10-pipeline-259_20210727_1627345004/build-native/host-libs/usr --with-libelf=/tmp/jenkins-GCC-10-pipeline-259_20210727_1627345004/build-native/host-libs/usr --with-host-libstdcxx='-static-libgcc -Wl,-lstdc++ -lm' --with-pkgversion='GNU Arm Embedded Toolchain 10.3-2021.07' --with-multilib-list=rmprofile,aprofile]
  ignore line: [Thread model: single]
  ignore line: [Supported LTO compression algorithms: zlib]
  ignore line: [gcc version 10.3.1 20210621 (release) (GNU Arm Embedded Toolchain 10.3-2021.07) ]
  ignore line: [COLLECT_GCC_OPTIONS='-mthumb' '-mcpu=cortex-m4' '-mfloat-abi=hard' '-mfpu=fpv4-sp-d16' '-g3' '-ffunction-sections' '-fdata-sections' '-fno-strict-aliasing' '-fno-builtin' '-fno-common' '-Wall' '-Wshadow' '-Wdouble-promotion' '-g' '-v' '-o' 'CMakeFiles/cmTC_f7771.dir/CMakeCXXCompilerABI.cpp.obj' '-c' '-mlibarch=armv7e-m+fp' '-march=armv7e-m+fp']
  ignore line: [ /Applications/MCUXpressoIDE_11.5.0_7232/ide/plugins/com.nxp.mcuxpresso.tools.macosx_11.5.0.202107051138/tools/bin/../lib/gcc/arm-none-eabi/10.3.1/cc1plus -quiet -v -imultilib thumb/v7e-m+fp/hard -iprefix /Applications/MCUXpressoIDE_11.5.0_7232/ide/plugins/com.nxp.mcuxpresso.tools.macosx_11.5.0.202107051138/tools/bin/../lib/gcc/arm-none-eabi/10.3.1/ -isysroot /Applications/MCUXpressoIDE_11.5.0_7232/ide/plugins/com.nxp.mcuxpresso.tools.macosx_11.5.0.202107051138/tools/bin/../arm-none-eabi -dD -D__USES_INITFINI__ /opt/homebrew/Cellar/cmake/3.22.3/share/cmake/Modules/CMakeCXXCompilerABI.cpp -quiet -dumpbase CMakeCXXCompilerABI.cpp -mthumb -mcpu=cortex-m4 -mfloat-abi=hard -mfpu=fpv4-sp-d16 -mlibarch=armv7e-m+fp -march=armv7e-m+fp -auxbase-strip CMakeFiles/cmTC_f7771.dir/CMakeCXXCompilerABI.cpp.obj -g3 -g -Wall -Wshadow -Wdouble-promotion -version -ffunction-sections -fdata-sections -fno-strict-aliasing -fno-builtin -fno-common -o /var/folders/q1/s_fz24pn4830030bqnww2drr0000gn/T//ccY31pGu.s]
  ignore line: [GNU C++14 (GNU Arm Embedded Toolchain 10.3-2021.07) version 10.3.1 20210621 (release) (arm-none-eabi)]
  ignore line: [	compiled by GNU C version 4.2.1 Compatible Apple LLVM 11.0.0 (clang-1100.0.33.17)  GMP version 6.1.0  MPFR version 3.1.4  MPC version 1.0.3  isl version isl-0.18-GMP]
  ignore line: []
  ignore line: [GGC heuristics: --param ggc-min-expand=100 --param ggc-min-heapsize=131072]
  ignore line: [ignoring duplicate directory "/Applications/MCUXpressoIDE_11.5.0_7232/ide/plugins/com.nxp.mcuxpresso.tools.macosx_11.5.0.202107051138/tools/bin/../lib/gcc/../../lib/gcc/arm-none-eabi/10.3.1/../../../../arm-none-eabi/include/c++/10.3.1"]
  ignore line: [ignoring duplicate directory "/Applications/MCUXpressoIDE_11.5.0_7232/ide/plugins/com.nxp.mcuxpresso.tools.macosx_11.5.0.202107051138/tools/bin/../lib/gcc/../../lib/gcc/arm-none-eabi/10.3.1/../../../../arm-none-eabi/include/c++/10.3.1/arm-none-eabi/thumb/v7e-m+fp/hard"]
  ignore line: [ignoring duplicate directory "/Applications/MCUXpressoIDE_11.5.0_7232/ide/plugins/com.nxp.mcuxpresso.tools.macosx_11.5.0.202107051138/tools/bin/../lib/gcc/../../lib/gcc/arm-none-eabi/10.3.1/../../../../arm-none-eabi/include/c++/10.3.1/backward"]
  ignore line: [ignoring duplicate directory "/Applications/MCUXpressoIDE_11.5.0_7232/ide/plugins/com.nxp.mcuxpresso.tools.macosx_11.5.0.202107051138/tools/bin/../lib/gcc/../../lib/gcc/arm-none-eabi/10.3.1/include"]
  ignore line: [ignoring nonexistent directory "/Applications/MCUXpressoIDE_11.5.0_7232/ide/plugins/com.nxp.mcuxpresso.tools.macosx_11.5.0.202107051138/tools/bin/../arm-none-eabi/usr/local/include"]
  ignore line: [ignoring duplicate directory "/Applications/MCUXpressoIDE_11.5.0_7232/ide/plugins/com.nxp.mcuxpresso.tools.macosx_11.5.0.202107051138/tools/bin/../lib/gcc/../../lib/gcc/arm-none-eabi/10.3.1/include-fixed"]
  ignore line: [ignoring duplicate directory "/Applications/MCUXpressoIDE_11.5.0_7232/ide/plugins/com.nxp.mcuxpresso.tools.macosx_11.5.0.202107051138/tools/bin/../lib/gcc/../../lib/gcc/arm-none-eabi/10.3.1/../../../../arm-none-eabi/include"]
  ignore line: [ignoring nonexistent directory "/Applications/MCUXpressoIDE_11.5.0_7232/ide/plugins/com.nxp.mcuxpresso.tools.macosx_11.5.0.202107051138/tools/bin/../arm-none-eabi/usr/include"]
  ignore line: [#include "..." search starts here:]
  ignore line: [#include <...> search starts here:]
  ignore line: [ /Applications/MCUXpressoIDE_11.5.0_7232/ide/plugins/com.nxp.mcuxpresso.tools.macosx_11.5.0.202107051138/tools/bin/../lib/gcc/arm-none-eabi/10.3.1/../../../../arm-none-eabi/include/c++/10.3.1]
  ignore line: [ /Applications/MCUXpressoIDE_11.5.0_7232/ide/plugins/com.nxp.mcuxpresso.tools.macosx_11.5.0.202107051138/tools/bin/../lib/gcc/arm-none-eabi/10.3.1/../../../../arm-none-eabi/include/c++/10.3.1/arm-none-eabi/thumb/v7e-m+fp/hard]
  ignore line: [ /Applications/MCUXpressoIDE_11.5.0_7232/ide/plugins/com.nxp.mcuxpresso.tools.macosx_11.5.0.202107051138/tools/bin/../lib/gcc/arm-none-eabi/10.3.1/../../../../arm-none-eabi/include/c++/10.3.1/backward]
  ignore line: [ /Applications/MCUXpressoIDE_11.5.0_7232/ide/plugins/com.nxp.mcuxpresso.tools.macosx_11.5.0.202107051138/tools/bin/../lib/gcc/arm-none-eabi/10.3.1/include]
  ignore line: [ /Applications/MCUXpressoIDE_11.5.0_7232/ide/plugins/com.nxp.mcuxpresso.tools.macosx_11.5.0.202107051138/tools/bin/../lib/gcc/arm-none-eabi/10.3.1/include-fixed]
  ignore line: [ /Applications/MCUXpressoIDE_11.5.0_7232/ide/plugins/com.nxp.mcuxpresso.tools.macosx_11.5.0.202107051138/tools/bin/../lib/gcc/arm-none-eabi/10.3.1/../../../../arm-none-eabi/include]
  ignore line: [End of search list.]
  ignore line: [GNU C++14 (GNU Arm Embedded Toolchain 10.3-2021.07) version 10.3.1 20210621 (release) (arm-none-eabi)]
  ignore line: [	compiled by GNU C version 4.2.1 Compatible Apple LLVM 11.0.0 (clang-1100.0.33.17)  GMP version 6.1.0  MPFR version 3.1.4  MPC version 1.0.3  isl version isl-0.18-GMP]
  ignore line: []
  ignore line: [GGC heuristics: --param ggc-min-expand=100 --param ggc-min-heapsize=131072]
  ignore line: [Compiler executable checksum: 70db48a4a4272d34069aa074d5721a63]
  ignore line: [COLLECT_GCC_OPTIONS='-mthumb' '-mcpu=cortex-m4' '-mfloat-abi=hard' '-mfpu=fpv4-sp-d16' '-g3' '-ffunction-sections' '-fdata-sections' '-fno-strict-aliasing' '-fno-builtin' '-fno-common' '-Wall' '-Wshadow' '-Wdouble-promotion' '-g' '-v' '-o' 'CMakeFiles/cmTC_f7771.dir/CMakeCXXCompilerABI.cpp.obj' '-c' '-mlibarch=armv7e-m+fp' '-march=armv7e-m+fp']
  ignore line: [ /Applications/MCUXpressoIDE_11.5.0_7232/ide/plugins/com.nxp.mcuxpresso.tools.macosx_11.5.0.202107051138/tools/bin/../lib/gcc/arm-none-eabi/10.3.1/../../../../arm-none-eabi/bin/as -v -march=armv7e-m -mfloat-abi=hard -mfpu=fpv4-sp-d16 -meabi=5 -o CMakeFiles/cmTC_f7771.dir/CMakeCXXCompilerABI.cpp.obj /var/folders/q1/s_fz24pn4830030bqnww2drr0000gn/T//ccY31pGu.s]
  ignore line: [GNU assembler version 2.36.1 (arm-none-eabi) using BFD version (GNU Arm Embedded Toolchain 10.3-2021.07) 2.36.1.20210621]
  ignore line: [COMPILER_PATH=/Applications/MCUXpressoIDE_11.5.0_7232/ide/plugins/com.nxp.mcuxpresso.tools.macosx_11.5.0.202107051138/tools/bin/../lib/gcc/arm-none-eabi/10.3.1/:/Applications/MCUXpressoIDE_11.5.0_7232/ide/plugins/com.nxp.mcuxpresso.tools.macosx_11.5.0.202107051138/tools/bin/../lib/gcc/:/Applications/MCUXpressoIDE_11.5.0_7232/ide/plugins/com.nxp.mcuxpresso.tools.macosx_11.5.0.202107051138/tools/bin/../lib/gcc/arm-none-eabi/10.3.1/../../../../arm-none-eabi/bin/]
  ignore line: [LIBRARY_PATH=/Applications/MCUXpressoIDE_11.5.0_7232/ide/plugins/com.nxp.mcuxpresso.tools.macosx_11.5.0.202107051138/tools/bin/../lib/gcc/arm-none-eabi/10.3.1/thumb/v7e-m+fp/hard/:/Applications/MCUXpressoIDE_11.5.0_7232/ide/plugins/com.nxp.mcuxpresso.tools.macosx_11.5.0.202107051138/tools/bin/../lib/gcc/arm-none-eabi/10.3.1/../../../../arm-none-eabi/lib/thumb/v7e-m+fp/hard/:/Applications/MCUXpressoIDE_11.5.0_7232/ide/plugins/com.nxp.mcuxpresso.tools.macosx_11.5.0.202107051138/tools/bin/../arm-none-eabi/lib/thumb/v7e-m+fp/hard/:/Applications/MCUXpressoIDE_11.5.0_7232/ide/plugins/com.nxp.mcuxpresso.tools.macosx_11.5.0.202107051138/tools/bin/../lib/gcc/arm-none-eabi/10.3.1/:/Applications/MCUXpressoIDE_11.5.0_7232/ide/plugins/com.nxp.mcuxpresso.tools.macosx_11.5.0.202107051138/tools/bin/../lib/gcc/:/Applications/MCUXpressoIDE_11.5.0_7232/ide/plugins/com.nxp.mcuxpresso.tools.macosx_11.5.0.202107051138/tools/bin/../lib/gcc/arm-none-eabi/10.3.1/../../../../arm-none-eabi/lib/:/Applications/MCUXpressoIDE_11.5.0_7232/ide/plugins/com.nxp.mcuxpresso.tools.macosx_11.5.0.202107051138/tools/bin/../arm-none-eabi/lib/]
  ignore line: [COLLECT_GCC_OPTIONS='-mthumb' '-mcpu=cortex-m4' '-mfloat-abi=hard' '-mfpu=fpv4-sp-d16' '-g3' '-ffunction-sections' '-fdata-sections' '-fno-strict-aliasing' '-fno-builtin' '-fno-common' '-Wall' '-Wshadow' '-Wdouble-promotion' '-g' '-v' '-o' 'CMakeFiles/cmTC_f7771.dir/CMakeCXXCompilerABI.cpp.obj' '-c' '-mlibarch=armv7e-m+fp' '-march=armv7e-m+fp']
  ignore line: [[2/2] Linking CXX static library libcmTC_f7771.a]
  ignore line: []
  ignore line: []
  implicit libs: []
  implicit objs: []
  implicit dirs: []
  implicit fwks: []


